#
# There is insufficient memory for the Java Runtime Environment to continue.
# Native memory allocation (malloc) failed to allocate 1048576 bytes for AllocateHeap
# Possible reasons:
#   The system is out of physical RAM or swap space
#   The process is running with CompressedOops enabled, and the Java Heap may be blocking the growth of the native heap
# Possible solutions:
#   Reduce memory load on the system
#   Increase physical memory or swap space
#   Check if swap backing store is full
#   Decrease Java heap size (-Xmx/-Xms)
#   Decrease number of Java threads
#   Decrease Java thread stack sizes (-Xss)
#   Set larger code cache with -XX:ReservedCodeCacheSize=
#   JVM is running with Zero Based Compressed Oops mode in which the Java heap is
#     placed in the first 32GB address space. The Java Heap base address is the
#     maximum limit for the native heap growth. Please use -XX:HeapBaseMinAddress
#     to set the Java Heap base and to place the Java Heap above 32GB virtual address.
# This output file may be truncated or incomplete.
#
#  Out of Memory Error (t:/workspace/open/src/hotspot/share/memory/allocation.cpp:45), pid=42992, tid=48612
#
# JRE version: Java(TM) SE Runtime Environment (13.0.1+9) (build 13.0.1+9)
# Java VM: Java HotSpot(TM) 64-Bit Server VM (13.0.1+9, mixed mode, sharing, tiered, compressed oops, g1 gc, windows-amd64)
# No core dump will be written. Minidumps are not enabled by default on client versions of Windows
#

---------------  S U M M A R Y ------------

Command Line: -Dfile.encoding=UTF-8 groupe.com.aem.Centrale

Host: Intel(R) Core(TM) i7-6500U CPU @ 2.50GHz, 4 cores, 15G,  Windows 10 , 64 bit Build 18362 (10.0.18362.329)
Time: Sun Apr 12 18:58:03 2020 Paris, Madrid (heure d?été) elapsed time: 1 seconds (0d 0h 0m 1s)

---------------  T H R E A D  ---------------

Current thread (0x00000209bd91a800):  VMThread "VM Thread" [stack: 0x000000e158000000,0x000000e158100000] [id=48612]

Stack: [0x000000e158000000,0x000000e158100000]
[error occurred during error reporting (printing stack bounds), id 0xc0000005, EXCEPTION_ACCESS_VIOLATION (0xc0000005) at pc=0x00000209a2b310ad]

Native frames: (J=compiled Java code, j=interpreted, Vv=VM code, C=native code)
V  [jvm.dll+0x626eca]
V  [jvm.dll+0x772c6a]
V  [jvm.dll+0x77441f]
V  [jvm.dll+0x774985]
V  [jvm.dll+0x77493b]
V  [jvm.dll+0x6266ff]
C  [ntdll.dll+0x78636]
C  [ntdll.dll+0x6a0d6]
C  [ntdll.dll+0x9fe8e]
C  0x00000209a2b310ad

VM_Operation (0x000000e158efc320): CollectForMetadataAllocation, mode: safepoint, requested by thread 0x00000209be9b0800


---------------  P R O C E S S  ---------------

Threads class SMR info:
_java_thread_list=0x00000209be9b9280, length=14, elements={
0x00000209bd91c800, 0x00000209bd920000, 0x00000209bd939800, 0x00000209bd93c000,
0x00000209bd93d000, 0x00000209be22c800, 0x00000209be231800, 0x00000209be2ff000,
0x00000209be304800, 0x00000209be904800, 0x00000209be90a000, 0x00000209be90f800,
0x00000209be9b0800, 0x000002099a639000
}

Java Threads: ( => current thread )
  0x00000209bd91c800 JavaThread "Reference Handler" daemon [_thread_blocked, id=36868, stack(0x000000e158100000,0x000000e158200000)]
  0x00000209bd920000 JavaThread "Finalizer" daemon [_thread_blocked, id=4324, stack(0x000000e158200000,0x000000e158300000)]
  0x00000209bd939800 JavaThread "Signal Dispatcher" daemon [_thread_blocked, id=51180, stack(0x000000e158300000,0x000000e158400000)]
  0x00000209bd93c000 JavaThread "Attach Listener" daemon [_thread_blocked, id=37948, stack(0x000000e158400000,0x000000e158500000)]
  0x00000209bd93d000 JavaThread "C2 CompilerThread0" daemon [_thread_blocked, id=37204, stack(0x000000e158500000,0x000000e158600000)]
  0x00000209be22c800 JavaThread "C1 CompilerThread0" daemon [_thread_blocked, id=43036, stack(0x000000e158600000,0x000000e158700000)]
  0x00000209be231800 JavaThread "Sweeper thread" daemon [_thread_blocked, id=47664, stack(0x000000e158700000,0x000000e158800000)]
  0x00000209be2ff000 JavaThread "Service Thread" daemon [_thread_blocked, id=34276, stack(0x000000e158800000,0x000000e158900000)]
  0x00000209be304800 JavaThread "Common-Cleaner" daemon [_thread_blocked, id=44824, stack(0x000000e158a00000,0x000000e158b00000)]
  0x00000209be904800 JavaThread "Java2D Disposer" daemon [_thread_blocked, id=42884, stack(0x000000e158b00000,0x000000e158c00000)]
  0x00000209be90a000 JavaThread "AWT-Shutdown" [_thread_blocked, id=45632, stack(0x000000e158c00000,0x000000e158d00000)]
  0x00000209be90f800 JavaThread "AWT-Windows" daemon [_thread_in_native, id=24148, stack(0x000000e158d00000,0x000000e158e00000)]
  0x00000209be9b0800 JavaThread "AWT-EventQueue-0" [_thread_blocked, id=38512, stack(0x000000e158e00000,0x000000e158f00000)]
  0x000002099a639000 JavaThread "DestroyJavaVM" [_thread_blocked, id=50992, stack(0x000000e157a00000,0x000000e157b00000)]

Other Threads:
=>0x00000209bd91a800 VMThread "VM Thread" [stack: 0x000000e158000000,0x000000e158100000] [id=48612]
  0x00000209be308000 WatcherThread [stack: 0x000000e158900000,0x000000e158a00000] [id=21952]
  0x000002099a6a3000 GCTaskThread "GC Thread#0" [stack: 0x000000e157b00000,0x000000e157c00000] [id=49668]
  0x00000209bea3e000 GCTaskThread "GC Thread#1" [stack: 0x000000e159200000,0x000000e159300000] [id=45472]
  0x00000209bea3e800 GCTaskThread "GC Thread#2" [stack: 0x000000e159300000,0x000000e159400000] [id=12512]
  0x00000209bea47800 GCTaskThread "GC Thread#3" [stack: 0x000000e159400000,0x000000e159500000] [id=45940]
  0x000002099a6c4800 ConcurrentGCThread "G1 Main Marker" [stack: 0x000000e157c00000,0x000000e157d00000] [id=50972]
  0x000002099a6c6800 ConcurrentGCThread "G1 Conc#0" [stack: 0x000000e157d00000,0x000000e157e00000] [id=50468]
  0x00000209bd813800 ConcurrentGCThread "G1 Refine#0" [stack: 0x000000e157e00000,0x000000e157f00000] [id=42744]
  0x00000209bd817000 ConcurrentGCThread "G1 Young RemSet Sampling" [stack: 0x000000e157f00000,0x000000e158000000] [id=46596]

Threads with active compile tasks:

VM state:at safepoint (normal execution)

VM Mutex/Monitor currently owned by a thread:  ([mutex/lock_event])
[0x000002099a635900] Threads_lock - owner thread: 0x00000209bd91a800
[0x000002099a635ab0] Heap_lock - owner thread: 0x00000209be9b0800

Heap address: 0x0000000701800000, size: 4072 MB, Compressed Oops mode: Zero based, Oop shift amount: 3
Narrow klass base: 0x0000000800000000, Narrow klass shift: 3
Compressed class space size: 1073741824 Address: 0x0000000800b40000

Heap:
 garbage-first heap   total 262144K, used 2835K [0x0000000701800000, 0x0000000800000000)
  region size 1024K, 2 young (2048K), 2 survivors (2048K)
 Metaspace       used 6810K, capacity 7001K, committed 7168K, reserved 1064960K
  class space    used 792K, capacity 918K, committed 1024K, reserved 1048576K
Heap Regions: E=young(eden), S=young(survivor), O=old, HS=humongous(starts), HC=humongous(continues), CS=collection set, F=free, A=archive, TAMS=top-at-mark-start (previous, next)
|   0|0x0000000701800000, 0x00000007018c4c00, 0x0000000701900000| 76%| O|  |TAMS 0x0000000701800000, 0x0000000701800000| Untracked 
|   1|0x0000000701900000, 0x0000000701900000, 0x0000000701a00000|  0%| F|  |TAMS 0x0000000701900000, 0x0000000701900000| Untracked 
|   2|0x0000000701a00000, 0x0000000701a00000, 0x0000000701b00000|  0%| F|  |TAMS 0x0000000701a00000, 0x0000000701a00000| Untracked 
|   3|0x0000000701b00000, 0x0000000701b00000, 0x0000000701c00000|  0%| F|  |TAMS 0x0000000701b00000, 0x0000000701b00000| Untracked 
|   4|0x0000000701c00000, 0x0000000701c00000, 0x0000000701d00000|  0%| F|  |TAMS 0x0000000701c00000, 0x0000000701c00000| Untracked 
|   5|0x0000000701d00000, 0x0000000701d00000, 0x0000000701e00000|  0%| F|  |TAMS 0x0000000701d00000, 0x0000000701d00000| Untracked 
|   6|0x0000000701e00000, 0x0000000701e00000, 0x0000000701f00000|  0%| F|  |TAMS 0x0000000701e00000, 0x0000000701e00000| Untracked 
|   7|0x0000000701f00000, 0x0000000701f00000, 0x0000000702000000|  0%| F|  |TAMS 0x0000000701f00000, 0x0000000701f00000| Untracked 
|   8|0x0000000702000000, 0x0000000702000000, 0x0000000702100000|  0%| F|  |TAMS 0x0000000702000000, 0x0000000702000000| Untracked 
|   9|0x0000000702100000, 0x0000000702100000, 0x0000000702200000|  0%| F|  |TAMS 0x0000000702100000, 0x0000000702100000| Untracked 
|  10|0x0000000702200000, 0x0000000702200000, 0x0000000702300000|  0%| F|  |TAMS 0x0000000702200000, 0x0000000702200000| Untracked 
|  11|0x0000000702300000, 0x0000000702300000, 0x0000000702400000|  0%| F|  |TAMS 0x0000000702300000, 0x0000000702300000| Untracked 
|  12|0x0000000702400000, 0x0000000702400000, 0x0000000702500000|  0%| F|  |TAMS 0x0000000702400000, 0x0000000702400000| Untracked 
|  13|0x0000000702500000, 0x0000000702500000, 0x0000000702600000|  0%| F|  |TAMS 0x0000000702500000, 0x0000000702500000| Untracked 
|  14|0x0000000702600000, 0x0000000702600000, 0x0000000702700000|  0%| F|  |TAMS 0x0000000702600000, 0x0000000702600000| Untracked 
|  15|0x0000000702700000, 0x0000000702700000, 0x0000000702800000|  0%| F|  |TAMS 0x0000000702700000, 0x0000000702700000| Untracked 
|  16|0x0000000702800000, 0x0000000702800000, 0x0000000702900000|  0%| F|  |TAMS 0x0000000702800000, 0x0000000702800000| Untracked 
|  17|0x0000000702900000, 0x0000000702900000, 0x0000000702a00000|  0%| F|  |TAMS 0x0000000702900000, 0x0000000702900000| Untracked 
|  18|0x0000000702a00000, 0x0000000702a00000, 0x0000000702b00000|  0%| F|  |TAMS 0x0000000702a00000, 0x0000000702a00000| Untracked 
|  19|0x0000000702b00000, 0x0000000702b00000, 0x0000000702c00000|  0%| F|  |TAMS 0x0000000702b00000, 0x0000000702b00000| Untracked 
|  20|0x0000000702c00000, 0x0000000702c00000, 0x0000000702d00000|  0%| F|  |TAMS 0x0000000702c00000, 0x0000000702c00000| Untracked 
|  21|0x0000000702d00000, 0x0000000702d00000, 0x0000000702e00000|  0%| F|  |TAMS 0x0000000702d00000, 0x0000000702d00000| Untracked 
|  22|0x0000000702e00000, 0x0000000702e00000, 0x0000000702f00000|  0%| F|  |TAMS 0x0000000702e00000, 0x0000000702e00000| Untracked 
|  23|0x0000000702f00000, 0x0000000702f00000, 0x0000000703000000|  0%| F|  |TAMS 0x0000000702f00000, 0x0000000702f00000| Untracked 
|  24|0x0000000703000000, 0x0000000703000000, 0x0000000703100000|  0%| F|  |TAMS 0x0000000703000000, 0x0000000703000000| Untracked 
|  25|0x0000000703100000, 0x0000000703100000, 0x0000000703200000|  0%| F|  |TAMS 0x0000000703100000, 0x0000000703100000| Untracked 
|  26|0x0000000703200000, 0x0000000703200000, 0x0000000703300000|  0%| F|  |TAMS 0x0000000703200000, 0x0000000703200000| Untracked 
|  27|0x0000000703300000, 0x0000000703300000, 0x0000000703400000|  0%| F|  |TAMS 0x0000000703300000, 0x0000000703300000| Untracked 
|  28|0x0000000703400000, 0x0000000703400000, 0x0000000703500000|  0%| F|  |TAMS 0x0000000703400000, 0x0000000703400000| Untracked 
|  29|0x0000000703500000, 0x0000000703500000, 0x0000000703600000|  0%| F|  |TAMS 0x0000000703500000, 0x0000000703500000| Untracked 
|  30|0x0000000703600000, 0x0000000703600000, 0x0000000703700000|  0%| F|  |TAMS 0x0000000703600000, 0x0000000703600000| Untracked 
|  31|0x0000000703700000, 0x0000000703700000, 0x0000000703800000|  0%| F|  |TAMS 0x0000000703700000, 0x0000000703700000| Untracked 
|  32|0x0000000703800000, 0x0000000703800000, 0x0000000703900000|  0%| F|  |TAMS 0x0000000703800000, 0x0000000703800000| Untracked 
|  33|0x0000000703900000, 0x0000000703900000, 0x0000000703a00000|  0%| F|  |TAMS 0x0000000703900000, 0x0000000703900000| Untracked 
|  34|0x0000000703a00000, 0x0000000703a00000, 0x0000000703b00000|  0%| F|  |TAMS 0x0000000703a00000, 0x0000000703a00000| Untracked 
|  35|0x0000000703b00000, 0x0000000703b00000, 0x0000000703c00000|  0%| F|  |TAMS 0x0000000703b00000, 0x0000000703b00000| Untracked 
|  36|0x0000000703c00000, 0x0000000703c00000, 0x0000000703d00000|  0%| F|  |TAMS 0x0000000703c00000, 0x0000000703c00000| Untracked 
|  37|0x0000000703d00000, 0x0000000703d00000, 0x0000000703e00000|  0%| F|  |TAMS 0x0000000703d00000, 0x0000000703d00000| Untracked 
|  38|0x0000000703e00000, 0x0000000703e00000, 0x0000000703f00000|  0%| F|  |TAMS 0x0000000703e00000, 0x0000000703e00000| Untracked 
|  39|0x0000000703f00000, 0x0000000703f00000, 0x0000000704000000|  0%| F|  |TAMS 0x0000000703f00000, 0x0000000703f00000| Untracked 
|  40|0x0000000704000000, 0x0000000704000000, 0x0000000704100000|  0%| F|  |TAMS 0x0000000704000000, 0x0000000704000000| Untracked 
|  41|0x0000000704100000, 0x0000000704100000, 0x0000000704200000|  0%| F|  |TAMS 0x0000000704100000, 0x0000000704100000| Untracked 
|  42|0x0000000704200000, 0x0000000704200000, 0x0000000704300000|  0%| F|  |TAMS 0x0000000704200000, 0x0000000704200000| Untracked 
|  43|0x0000000704300000, 0x0000000704300000, 0x0000000704400000|  0%| F|  |TAMS 0x0000000704300000, 0x0000000704300000| Untracked 
|  44|0x0000000704400000, 0x0000000704400000, 0x0000000704500000|  0%| F|  |TAMS 0x0000000704400000, 0x0000000704400000| Untracked 
|  45|0x0000000704500000, 0x0000000704500000, 0x0000000704600000|  0%| F|  |TAMS 0x0000000704500000, 0x0000000704500000| Untracked 
|  46|0x0000000704600000, 0x0000000704600000, 0x0000000704700000|  0%| F|  |TAMS 0x0000000704600000, 0x0000000704600000| Untracked 
|  47|0x0000000704700000, 0x0000000704700000, 0x0000000704800000|  0%| F|  |TAMS 0x0000000704700000, 0x0000000704700000| Untracked 
|  48|0x0000000704800000, 0x0000000704800000, 0x0000000704900000|  0%| F|  |TAMS 0x0000000704800000, 0x0000000704800000| Untracked 
|  49|0x0000000704900000, 0x0000000704900000, 0x0000000704a00000|  0%| F|  |TAMS 0x0000000704900000, 0x0000000704900000| Untracked 
|  50|0x0000000704a00000, 0x0000000704a00000, 0x0000000704b00000|  0%| F|  |TAMS 0x0000000704a00000, 0x0000000704a00000| Untracked 
|  51|0x0000000704b00000, 0x0000000704b00000, 0x0000000704c00000|  0%| F|  |TAMS 0x0000000704b00000, 0x0000000704b00000| Untracked 
|  52|0x0000000704c00000, 0x0000000704c00000, 0x0000000704d00000|  0%| F|  |TAMS 0x0000000704c00000, 0x0000000704c00000| Untracked 
|  53|0x0000000704d00000, 0x0000000704d00000, 0x0000000704e00000|  0%| F|  |TAMS 0x0000000704d00000, 0x0000000704d00000| Untracked 
|  54|0x0000000704e00000, 0x0000000704e00000, 0x0000000704f00000|  0%| F|  |TAMS 0x0000000704e00000, 0x0000000704e00000| Untracked 
|  55|0x0000000704f00000, 0x0000000704f00000, 0x0000000705000000|  0%| F|  |TAMS 0x0000000704f00000, 0x0000000704f00000| Untracked 
|  56|0x0000000705000000, 0x0000000705000000, 0x0000000705100000|  0%| F|  |TAMS 0x0000000705000000, 0x0000000705000000| Untracked 
|  57|0x0000000705100000, 0x0000000705100000, 0x0000000705200000|  0%| F|  |TAMS 0x0000000705100000, 0x0000000705100000| Untracked 
|  58|0x0000000705200000, 0x0000000705200000, 0x0000000705300000|  0%| F|  |TAMS 0x0000000705200000, 0x0000000705200000| Untracked 
|  59|0x0000000705300000, 0x0000000705300000, 0x0000000705400000|  0%| F|  |TAMS 0x0000000705300000, 0x0000000705300000| Untracked 
|  60|0x0000000705400000, 0x0000000705400000, 0x0000000705500000|  0%| F|  |TAMS 0x0000000705400000, 0x0000000705400000| Untracked 
|  61|0x0000000705500000, 0x0000000705500000, 0x0000000705600000|  0%| F|  |TAMS 0x0000000705500000, 0x0000000705500000| Untracked 
|  62|0x0000000705600000, 0x0000000705600000, 0x0000000705700000|  0%| F|  |TAMS 0x0000000705600000, 0x0000000705600000| Untracked 
|  63|0x0000000705700000, 0x0000000705700000, 0x0000000705800000|  0%| F|  |TAMS 0x0000000705700000, 0x0000000705700000| Untracked 
|  64|0x0000000705800000, 0x0000000705800000, 0x0000000705900000|  0%| F|  |TAMS 0x0000000705800000, 0x0000000705800000| Untracked 
|  65|0x0000000705900000, 0x0000000705900000, 0x0000000705a00000|  0%| F|  |TAMS 0x0000000705900000, 0x0000000705900000| Untracked 
|  66|0x0000000705a00000, 0x0000000705a00000, 0x0000000705b00000|  0%| F|  |TAMS 0x0000000705a00000, 0x0000000705a00000| Untracked 
|  67|0x0000000705b00000, 0x0000000705b00000, 0x0000000705c00000|  0%| F|  |TAMS 0x0000000705b00000, 0x0000000705b00000| Untracked 
|  68|0x0000000705c00000, 0x0000000705c00000, 0x0000000705d00000|  0%| F|  |TAMS 0x0000000705c00000, 0x0000000705c00000| Untracked 
|  69|0x0000000705d00000, 0x0000000705d00000, 0x0000000705e00000|  0%| F|  |TAMS 0x0000000705d00000, 0x0000000705d00000| Untracked 
|  70|0x0000000705e00000, 0x0000000705e00000, 0x0000000705f00000|  0%| F|  |TAMS 0x0000000705e00000, 0x0000000705e00000| Untracked 
|  71|0x0000000705f00000, 0x0000000705f00000, 0x0000000706000000|  0%| F|  |TAMS 0x0000000705f00000, 0x0000000705f00000| Untracked 
|  72|0x0000000706000000, 0x0000000706000000, 0x0000000706100000|  0%| F|  |TAMS 0x0000000706000000, 0x0000000706000000| Untracked 
|  73|0x0000000706100000, 0x0000000706100000, 0x0000000706200000|  0%| F|  |TAMS 0x0000000706100000, 0x0000000706100000| Untracked 
|  74|0x0000000706200000, 0x0000000706200000, 0x0000000706300000|  0%| F|  |TAMS 0x0000000706200000, 0x0000000706200000| Untracked 
|  75|0x0000000706300000, 0x0000000706300000, 0x0000000706400000|  0%| F|  |TAMS 0x0000000706300000, 0x0000000706300000| Untracked 
|  76|0x0000000706400000, 0x0000000706400000, 0x0000000706500000|  0%| F|  |TAMS 0x0000000706400000, 0x0000000706400000| Untracked 
|  77|0x0000000706500000, 0x0000000706500000, 0x0000000706600000|  0%| F|  |TAMS 0x0000000706500000, 0x0000000706500000| Untracked 
|  78|0x0000000706600000, 0x0000000706600000, 0x0000000706700000|  0%| F|  |TAMS 0x0000000706600000, 0x0000000706600000| Untracked 
|  79|0x0000000706700000, 0x0000000706700000, 0x0000000706800000|  0%| F|  |TAMS 0x0000000706700000, 0x0000000706700000| Untracked 
|  80|0x0000000706800000, 0x0000000706800000, 0x0000000706900000|  0%| F|  |TAMS 0x0000000706800000, 0x0000000706800000| Untracked 
|  81|0x0000000706900000, 0x0000000706900000, 0x0000000706a00000|  0%| F|  |TAMS 0x0000000706900000, 0x0000000706900000| Untracked 
|  82|0x0000000706a00000, 0x0000000706a00000, 0x0000000706b00000|  0%| F|  |TAMS 0x0000000706a00000, 0x0000000706a00000| Untracked 
|  83|0x0000000706b00000, 0x0000000706b00000, 0x0000000706c00000|  0%| F|  |TAMS 0x0000000706b00000, 0x0000000706b00000| Untracked 
|  84|0x0000000706c00000, 0x0000000706c00000, 0x0000000706d00000|  0%| F|  |TAMS 0x0000000706c00000, 0x0000000706c00000| Untracked 
|  85|0x0000000706d00000, 0x0000000706d00000, 0x0000000706e00000|  0%| F|  |TAMS 0x0000000706d00000, 0x0000000706d00000| Untracked 
|  86|0x0000000706e00000, 0x0000000706e00000, 0x0000000706f00000|  0%| F|  |TAMS 0x0000000706e00000, 0x0000000706e00000| Untracked 
|  87|0x0000000706f00000, 0x0000000706f00000, 0x0000000707000000|  0%| F|  |TAMS 0x0000000706f00000, 0x0000000706f00000| Untracked 
|  88|0x0000000707000000, 0x0000000707000000, 0x0000000707100000|  0%| F|  |TAMS 0x0000000707000000, 0x0000000707000000| Untracked 
|  89|0x0000000707100000, 0x0000000707100000, 0x0000000707200000|  0%| F|  |TAMS 0x0000000707100000, 0x0000000707100000| Untracked 
|  90|0x0000000707200000, 0x0000000707200000, 0x0000000707300000|  0%| F|  |TAMS 0x0000000707200000, 0x0000000707200000| Untracked 
|  91|0x0000000707300000, 0x0000000707300000, 0x0000000707400000|  0%| F|  |TAMS 0x0000000707300000, 0x0000000707300000| Untracked 
|  92|0x0000000707400000, 0x0000000707400000, 0x0000000707500000|  0%| F|  |TAMS 0x0000000707400000, 0x0000000707400000| Untracked 
|  93|0x0000000707500000, 0x0000000707500000, 0x0000000707600000|  0%| F|  |TAMS 0x0000000707500000, 0x0000000707500000| Untracked 
|  94|0x0000000707600000, 0x0000000707600000, 0x0000000707700000|  0%| F|  |TAMS 0x0000000707600000, 0x0000000707600000| Untracked 
|  95|0x0000000707700000, 0x0000000707700000, 0x0000000707800000|  0%| F|  |TAMS 0x0000000707700000, 0x0000000707700000| Untracked 
|  96|0x0000000707800000, 0x0000000707800000, 0x0000000707900000|  0%| F|  |TAMS 0x0000000707800000, 0x0000000707800000| Untracked 
|  97|0x0000000707900000, 0x0000000707900000, 0x0000000707a00000|  0%| F|  |TAMS 0x0000000707900000, 0x0000000707900000| Untracked 
|  98|0x0000000707a00000, 0x0000000707a00000, 0x0000000707b00000|  0%| F|  |TAMS 0x0000000707a00000, 0x0000000707a00000| Untracked 
|  99|0x0000000707b00000, 0x0000000707b00000, 0x0000000707c00000|  0%| F|  |TAMS 0x0000000707b00000, 0x0000000707b00000| Untracked 
| 100|0x0000000707c00000, 0x0000000707c00000, 0x0000000707d00000|  0%| F|  |TAMS 0x0000000707c00000, 0x0000000707c00000| Untracked 
| 101|0x0000000707d00000, 0x0000000707d00000, 0x0000000707e00000|  0%| F|  |TAMS 0x0000000707d00000, 0x0000000707d00000| Untracked 
| 102|0x0000000707e00000, 0x0000000707e00000, 0x0000000707f00000|  0%| F|  |TAMS 0x0000000707e00000, 0x0000000707e00000| Untracked 
| 103|0x0000000707f00000, 0x0000000707f00000, 0x0000000708000000|  0%| F|  |TAMS 0x0000000707f00000, 0x0000000707f00000| Untracked 
| 104|0x0000000708000000, 0x0000000708000000, 0x0000000708100000|  0%| F|  |TAMS 0x0000000708000000, 0x0000000708000000| Untracked 
| 105|0x0000000708100000, 0x0000000708100000, 0x0000000708200000|  0%| F|  |TAMS 0x0000000708100000, 0x0000000708100000| Untracked 
| 106|0x0000000708200000, 0x0000000708200000, 0x0000000708300000|  0%| F|  |TAMS 0x0000000708200000, 0x0000000708200000| Untracked 
| 107|0x0000000708300000, 0x0000000708300000, 0x0000000708400000|  0%| F|  |TAMS 0x0000000708300000, 0x0000000708300000| Untracked 
| 108|0x0000000708400000, 0x0000000708400000, 0x0000000708500000|  0%| F|  |TAMS 0x0000000708400000, 0x0000000708400000| Untracked 
| 109|0x0000000708500000, 0x0000000708500000, 0x0000000708600000|  0%| F|  |TAMS 0x0000000708500000, 0x0000000708500000| Untracked 
| 110|0x0000000708600000, 0x0000000708600000, 0x0000000708700000|  0%| F|  |TAMS 0x0000000708600000, 0x0000000708600000| Untracked 
| 111|0x0000000708700000, 0x0000000708700000, 0x0000000708800000|  0%| F|  |TAMS 0x0000000708700000, 0x0000000708700000| Untracked 
| 112|0x0000000708800000, 0x0000000708800000, 0x0000000708900000|  0%| F|  |TAMS 0x0000000708800000, 0x0000000708800000| Untracked 
| 113|0x0000000708900000, 0x0000000708900000, 0x0000000708a00000|  0%| F|  |TAMS 0x0000000708900000, 0x0000000708900000| Untracked 
| 114|0x0000000708a00000, 0x0000000708a00000, 0x0000000708b00000|  0%| F|  |TAMS 0x0000000708a00000, 0x0000000708a00000| Untracked 
| 115|0x0000000708b00000, 0x0000000708b00000, 0x0000000708c00000|  0%| F|  |TAMS 0x0000000708b00000, 0x0000000708b00000| Untracked 
| 116|0x0000000708c00000, 0x0000000708c00000, 0x0000000708d00000|  0%| F|  |TAMS 0x0000000708c00000, 0x0000000708c00000| Untracked 
| 117|0x0000000708d00000, 0x0000000708d00000, 0x0000000708e00000|  0%| F|  |TAMS 0x0000000708d00000, 0x0000000708d00000| Untracked 
| 118|0x0000000708e00000, 0x0000000708e00000, 0x0000000708f00000|  0%| F|  |TAMS 0x0000000708e00000, 0x0000000708e00000| Untracked 
| 119|0x0000000708f00000, 0x0000000708f00000, 0x0000000709000000|  0%| F|  |TAMS 0x0000000708f00000, 0x0000000708f00000| Untracked 
| 120|0x0000000709000000, 0x0000000709000000, 0x0000000709100000|  0%| F|  |TAMS 0x0000000709000000, 0x0000000709000000| Untracked 
| 121|0x0000000709100000, 0x0000000709100000, 0x0000000709200000|  0%| F|  |TAMS 0x0000000709100000, 0x0000000709100000| Untracked 
| 122|0x0000000709200000, 0x0000000709200000, 0x0000000709300000|  0%| F|  |TAMS 0x0000000709200000, 0x0000000709200000| Untracked 
| 123|0x0000000709300000, 0x0000000709300000, 0x0000000709400000|  0%| F|  |TAMS 0x0000000709300000, 0x0000000709300000| Untracked 
| 124|0x0000000709400000, 0x0000000709400000, 0x0000000709500000|  0%| F|  |TAMS 0x0000000709400000, 0x0000000709400000| Untracked 
| 125|0x0000000709500000, 0x0000000709500000, 0x0000000709600000|  0%| F|  |TAMS 0x0000000709500000, 0x0000000709500000| Untracked 
| 126|0x0000000709600000, 0x0000000709600000, 0x0000000709700000|  0%| F|  |TAMS 0x0000000709600000, 0x0000000709600000| Untracked 
| 127|0x0000000709700000, 0x0000000709700000, 0x0000000709800000|  0%| F|  |TAMS 0x0000000709700000, 0x0000000709700000| Untracked 
| 128|0x0000000709800000, 0x0000000709800000, 0x0000000709900000|  0%| F|  |TAMS 0x0000000709800000, 0x0000000709800000| Untracked 
| 129|0x0000000709900000, 0x0000000709900000, 0x0000000709a00000|  0%| F|  |TAMS 0x0000000709900000, 0x0000000709900000| Untracked 
| 130|0x0000000709a00000, 0x0000000709a00000, 0x0000000709b00000|  0%| F|  |TAMS 0x0000000709a00000, 0x0000000709a00000| Untracked 
| 131|0x0000000709b00000, 0x0000000709b00000, 0x0000000709c00000|  0%| F|  |TAMS 0x0000000709b00000, 0x0000000709b00000| Untracked 
| 132|0x0000000709c00000, 0x0000000709c00000, 0x0000000709d00000|  0%| F|  |TAMS 0x0000000709c00000, 0x0000000709c00000| Untracked 
| 133|0x0000000709d00000, 0x0000000709d00000, 0x0000000709e00000|  0%| F|  |TAMS 0x0000000709d00000, 0x0000000709d00000| Untracked 
| 134|0x0000000709e00000, 0x0000000709e00000, 0x0000000709f00000|  0%| F|  |TAMS 0x0000000709e00000, 0x0000000709e00000| Untracked 
| 135|0x0000000709f00000, 0x0000000709f00000, 0x000000070a000000|  0%| F|  |TAMS 0x0000000709f00000, 0x0000000709f00000| Untracked 
| 136|0x000000070a000000, 0x000000070a000000, 0x000000070a100000|  0%| F|  |TAMS 0x000000070a000000, 0x000000070a000000| Untracked 
| 137|0x000000070a100000, 0x000000070a100000, 0x000000070a200000|  0%| F|  |TAMS 0x000000070a100000, 0x000000070a100000| Untracked 
| 138|0x000000070a200000, 0x000000070a200000, 0x000000070a300000|  0%| F|  |TAMS 0x000000070a200000, 0x000000070a200000| Untracked 
| 139|0x000000070a300000, 0x000000070a300000, 0x000000070a400000|  0%| F|  |TAMS 0x000000070a300000, 0x000000070a300000| Untracked 
| 140|0x000000070a400000, 0x000000070a400000, 0x000000070a500000|  0%| F|  |TAMS 0x000000070a400000, 0x000000070a400000| Untracked 
| 141|0x000000070a500000, 0x000000070a500000, 0x000000070a600000|  0%| F|  |TAMS 0x000000070a500000, 0x000000070a500000| Untracked 
| 142|0x000000070a600000, 0x000000070a600000, 0x000000070a700000|  0%| F|  |TAMS 0x000000070a600000, 0x000000070a600000| Untracked 
| 143|0x000000070a700000, 0x000000070a700000, 0x000000070a800000|  0%| F|  |TAMS 0x000000070a700000, 0x000000070a700000| Untracked 
| 144|0x000000070a800000, 0x000000070a800000, 0x000000070a900000|  0%| F|  |TAMS 0x000000070a800000, 0x000000070a800000| Untracked 
| 145|0x000000070a900000, 0x000000070a900000, 0x000000070aa00000|  0%| F|  |TAMS 0x000000070a900000, 0x000000070a900000| Untracked 
| 146|0x000000070aa00000, 0x000000070aa00000, 0x000000070ab00000|  0%| F|  |TAMS 0x000000070aa00000, 0x000000070aa00000| Untracked 
| 147|0x000000070ab00000, 0x000000070ab00000, 0x000000070ac00000|  0%| F|  |TAMS 0x000000070ab00000, 0x000000070ab00000| Untracked 
| 148|0x000000070ac00000, 0x000000070ac00000, 0x000000070ad00000|  0%| F|  |TAMS 0x000000070ac00000, 0x000000070ac00000| Untracked 
| 149|0x000000070ad00000, 0x000000070ad00000, 0x000000070ae00000|  0%| F|  |TAMS 0x000000070ad00000, 0x000000070ad00000| Untracked 
| 150|0x000000070ae00000, 0x000000070ae00000, 0x000000070af00000|  0%| F|  |TAMS 0x000000070ae00000, 0x000000070ae00000| Untracked 
| 151|0x000000070af00000, 0x000000070af00000, 0x000000070b000000|  0%| F|  |TAMS 0x000000070af00000, 0x000000070af00000| Untracked 
| 152|0x000000070b000000, 0x000000070b000000, 0x000000070b100000|  0%| F|  |TAMS 0x000000070b000000, 0x000000070b000000| Untracked 
| 153|0x000000070b100000, 0x000000070b100000, 0x000000070b200000|  0%| F|  |TAMS 0x000000070b100000, 0x000000070b100000| Untracked 
| 154|0x000000070b200000, 0x000000070b200000, 0x000000070b300000|  0%| F|  |TAMS 0x000000070b200000, 0x000000070b200000| Untracked 
| 155|0x000000070b300000, 0x000000070b300000, 0x000000070b400000|  0%| F|  |TAMS 0x000000070b300000, 0x000000070b300000| Untracked 
| 156|0x000000070b400000, 0x000000070b400000, 0x000000070b500000|  0%| F|  |TAMS 0x000000070b400000, 0x000000070b400000| Untracked 
| 157|0x000000070b500000, 0x000000070b500000, 0x000000070b600000|  0%| F|  |TAMS 0x000000070b500000, 0x000000070b500000| Untracked 
| 158|0x000000070b600000, 0x000000070b600000, 0x000000070b700000|  0%| F|  |TAMS 0x000000070b600000, 0x000000070b600000| Untracked 
| 159|0x000000070b700000, 0x000000070b700000, 0x000000070b800000|  0%| F|  |TAMS 0x000000070b700000, 0x000000070b700000| Untracked 
| 160|0x000000070b800000, 0x000000070b800000, 0x000000070b900000|  0%| F|  |TAMS 0x000000070b800000, 0x000000070b800000| Untracked 
| 161|0x000000070b900000, 0x000000070b900000, 0x000000070ba00000|  0%| F|  |TAMS 0x000000070b900000, 0x000000070b900000| Untracked 
| 162|0x000000070ba00000, 0x000000070ba00000, 0x000000070bb00000|  0%| F|  |TAMS 0x000000070ba00000, 0x000000070ba00000| Untracked 
| 163|0x000000070bb00000, 0x000000070bb00000, 0x000000070bc00000|  0%| F|  |TAMS 0x000000070bb00000, 0x000000070bb00000| Untracked 
| 164|0x000000070bc00000, 0x000000070bc00000, 0x000000070bd00000|  0%| F|  |TAMS 0x000000070bc00000, 0x000000070bc00000| Untracked 
| 165|0x000000070bd00000, 0x000000070bd00000, 0x000000070be00000|  0%| F|  |TAMS 0x000000070bd00000, 0x000000070bd00000| Untracked 
| 166|0x000000070be00000, 0x000000070be00000, 0x000000070bf00000|  0%| F|  |TAMS 0x000000070be00000, 0x000000070be00000| Untracked 
| 167|0x000000070bf00000, 0x000000070bf00000, 0x000000070c000000|  0%| F|  |TAMS 0x000000070bf00000, 0x000000070bf00000| Untracked 
| 168|0x000000070c000000, 0x000000070c000000, 0x000000070c100000|  0%| F|  |TAMS 0x000000070c000000, 0x000000070c000000| Untracked 
| 169|0x000000070c100000, 0x000000070c100000, 0x000000070c200000|  0%| F|  |TAMS 0x000000070c100000, 0x000000070c100000| Untracked 
| 170|0x000000070c200000, 0x000000070c200000, 0x000000070c300000|  0%| F|  |TAMS 0x000000070c200000, 0x000000070c200000| Untracked 
| 171|0x000000070c300000, 0x000000070c300000, 0x000000070c400000|  0%| F|  |TAMS 0x000000070c300000, 0x000000070c300000| Untracked 
| 172|0x000000070c400000, 0x000000070c400000, 0x000000070c500000|  0%| F|  |TAMS 0x000000070c400000, 0x000000070c400000| Untracked 
| 173|0x000000070c500000, 0x000000070c500000, 0x000000070c600000|  0%| F|  |TAMS 0x000000070c500000, 0x000000070c500000| Untracked 
| 174|0x000000070c600000, 0x000000070c600000, 0x000000070c700000|  0%| F|  |TAMS 0x000000070c600000, 0x000000070c600000| Untracked 
| 175|0x000000070c700000, 0x000000070c700000, 0x000000070c800000|  0%| F|  |TAMS 0x000000070c700000, 0x000000070c700000| Untracked 
| 176|0x000000070c800000, 0x000000070c800000, 0x000000070c900000|  0%| F|  |TAMS 0x000000070c800000, 0x000000070c800000| Untracked 
| 177|0x000000070c900000, 0x000000070c900000, 0x000000070ca00000|  0%| F|  |TAMS 0x000000070c900000, 0x000000070c900000| Untracked 
| 178|0x000000070ca00000, 0x000000070ca00000, 0x000000070cb00000|  0%| F|  |TAMS 0x000000070ca00000, 0x000000070ca00000| Untracked 
| 179|0x000000070cb00000, 0x000000070cb00000, 0x000000070cc00000|  0%| F|  |TAMS 0x000000070cb00000, 0x000000070cb00000| Untracked 
| 180|0x000000070cc00000, 0x000000070cc00000, 0x000000070cd00000|  0%| F|  |TAMS 0x000000070cc00000, 0x000000070cc00000| Untracked 
| 181|0x000000070cd00000, 0x000000070cd00000, 0x000000070ce00000|  0%| F|  |TAMS 0x000000070cd00000, 0x000000070cd00000| Untracked 
| 182|0x000000070ce00000, 0x000000070ce00000, 0x000000070cf00000|  0%| F|  |TAMS 0x000000070ce00000, 0x000000070ce00000| Untracked 
| 183|0x000000070cf00000, 0x000000070cf00000, 0x000000070d000000|  0%| F|  |TAMS 0x000000070cf00000, 0x000000070cf00000| Untracked 
| 184|0x000000070d000000, 0x000000070d000000, 0x000000070d100000|  0%| F|  |TAMS 0x000000070d000000, 0x000000070d000000| Untracked 
| 185|0x000000070d100000, 0x000000070d100000, 0x000000070d200000|  0%| F|  |TAMS 0x000000070d100000, 0x000000070d100000| Untracked 
| 186|0x000000070d200000, 0x000000070d200000, 0x000000070d300000|  0%| F|  |TAMS 0x000000070d200000, 0x000000070d200000| Untracked 
| 187|0x000000070d300000, 0x000000070d300000, 0x000000070d400000|  0%| F|  |TAMS 0x000000070d300000, 0x000000070d300000| Untracked 
| 188|0x000000070d400000, 0x000000070d400000, 0x000000070d500000|  0%| F|  |TAMS 0x000000070d400000, 0x000000070d400000| Untracked 
| 189|0x000000070d500000, 0x000000070d500000, 0x000000070d600000|  0%| F|  |TAMS 0x000000070d500000, 0x000000070d500000| Untracked 
| 190|0x000000070d600000, 0x000000070d600000, 0x000000070d700000|  0%| F|  |TAMS 0x000000070d600000, 0x000000070d600000| Untracked 
| 191|0x000000070d700000, 0x000000070d700000, 0x000000070d800000|  0%| F|  |TAMS 0x000000070d700000, 0x000000070d700000| Untracked 
| 192|0x000000070d800000, 0x000000070d800000, 0x000000070d900000|  0%| F|  |TAMS 0x000000070d800000, 0x000000070d800000| Untracked 
| 193|0x000000070d900000, 0x000000070d900000, 0x000000070da00000|  0%| F|  |TAMS 0x000000070d900000, 0x000000070d900000| Untracked 
| 194|0x000000070da00000, 0x000000070da00000, 0x000000070db00000|  0%| F|  |TAMS 0x000000070da00000, 0x000000070da00000| Untracked 
| 195|0x000000070db00000, 0x000000070db00000, 0x000000070dc00000|  0%| F|  |TAMS 0x000000070db00000, 0x000000070db00000| Untracked 
| 196|0x000000070dc00000, 0x000000070dc00000, 0x000000070dd00000|  0%| F|  |TAMS 0x000000070dc00000, 0x000000070dc00000| Untracked 
| 197|0x000000070dd00000, 0x000000070dd00000, 0x000000070de00000|  0%| F|  |TAMS 0x000000070dd00000, 0x000000070dd00000| Untracked 
| 198|0x000000070de00000, 0x000000070de00000, 0x000000070df00000|  0%| F|  |TAMS 0x000000070de00000, 0x000000070de00000| Untracked 
| 199|0x000000070df00000, 0x000000070df00000, 0x000000070e000000|  0%| F|  |TAMS 0x000000070df00000, 0x000000070df00000| Untracked 
| 200|0x000000070e000000, 0x000000070e000000, 0x000000070e100000|  0%| F|  |TAMS 0x000000070e000000, 0x000000070e000000| Untracked 
| 201|0x000000070e100000, 0x000000070e100000, 0x000000070e200000|  0%| F|  |TAMS 0x000000070e100000, 0x000000070e100000| Untracked 
| 202|0x000000070e200000, 0x000000070e200000, 0x000000070e300000|  0%| F|  |TAMS 0x000000070e200000, 0x000000070e200000| Untracked 
| 203|0x000000070e300000, 0x000000070e300000, 0x000000070e400000|  0%| F|  |TAMS 0x000000070e300000, 0x000000070e300000| Untracked 
| 204|0x000000070e400000, 0x000000070e400000, 0x000000070e500000|  0%| F|  |TAMS 0x000000070e400000, 0x000000070e400000| Untracked 
| 205|0x000000070e500000, 0x000000070e500000, 0x000000070e600000|  0%| F|  |TAMS 0x000000070e500000, 0x000000070e500000| Untracked 
| 206|0x000000070e600000, 0x000000070e600000, 0x000000070e700000|  0%| F|  |TAMS 0x000000070e600000, 0x000000070e600000| Untracked 
| 207|0x000000070e700000, 0x000000070e700000, 0x000000070e800000|  0%| F|  |TAMS 0x000000070e700000, 0x000000070e700000| Untracked 
| 208|0x000000070e800000, 0x000000070e800000, 0x000000070e900000|  0%| F|  |TAMS 0x000000070e800000, 0x000000070e800000| Untracked 
| 209|0x000000070e900000, 0x000000070e900000, 0x000000070ea00000|  0%| F|  |TAMS 0x000000070e900000, 0x000000070e900000| Untracked 
| 210|0x000000070ea00000, 0x000000070ea00000, 0x000000070eb00000|  0%| F|  |TAMS 0x000000070ea00000, 0x000000070ea00000| Untracked 
| 211|0x000000070eb00000, 0x000000070eb00000, 0x000000070ec00000|  0%| F|  |TAMS 0x000000070eb00000, 0x000000070eb00000| Untracked 
| 212|0x000000070ec00000, 0x000000070ec00000, 0x000000070ed00000|  0%| F|  |TAMS 0x000000070ec00000, 0x000000070ec00000| Untracked 
| 213|0x000000070ed00000, 0x000000070ed00000, 0x000000070ee00000|  0%| F|  |TAMS 0x000000070ed00000, 0x000000070ed00000| Untracked 
| 214|0x000000070ee00000, 0x000000070ee00000, 0x000000070ef00000|  0%| F|  |TAMS 0x000000070ee00000, 0x000000070ee00000| Untracked 
| 215|0x000000070ef00000, 0x000000070ef00000, 0x000000070f000000|  0%| F|  |TAMS 0x000000070ef00000, 0x000000070ef00000| Untracked 
| 216|0x000000070f000000, 0x000000070f000000, 0x000000070f100000|  0%| F|  |TAMS 0x000000070f000000, 0x000000070f000000| Untracked 
| 217|0x000000070f100000, 0x000000070f100000, 0x000000070f200000|  0%| F|  |TAMS 0x000000070f100000, 0x000000070f100000| Untracked 
| 218|0x000000070f200000, 0x000000070f200000, 0x000000070f300000|  0%| F|  |TAMS 0x000000070f200000, 0x000000070f200000| Untracked 
| 219|0x000000070f300000, 0x000000070f300000, 0x000000070f400000|  0%| F|  |TAMS 0x000000070f300000, 0x000000070f300000| Untracked 
| 220|0x000000070f400000, 0x000000070f400000, 0x000000070f500000|  0%| F|  |TAMS 0x000000070f400000, 0x000000070f400000| Untracked 
| 221|0x000000070f500000, 0x000000070f500000, 0x000000070f600000|  0%| F|  |TAMS 0x000000070f500000, 0x000000070f500000| Untracked 
| 222|0x000000070f600000, 0x000000070f600000, 0x000000070f700000|  0%| F|  |TAMS 0x000000070f600000, 0x000000070f600000| Untracked 
| 223|0x000000070f700000, 0x000000070f700000, 0x000000070f800000|  0%| F|  |TAMS 0x000000070f700000, 0x000000070f700000| Untracked 
| 224|0x000000070f800000, 0x000000070f800000, 0x000000070f900000|  0%| F|  |TAMS 0x000000070f800000, 0x000000070f800000| Untracked 
| 225|0x000000070f900000, 0x000000070f900000, 0x000000070fa00000|  0%| F|  |TAMS 0x000000070f900000, 0x000000070f900000| Untracked 
| 226|0x000000070fa00000, 0x000000070fa00000, 0x000000070fb00000|  0%| F|  |TAMS 0x000000070fa00000, 0x000000070fa00000| Untracked 
| 227|0x000000070fb00000, 0x000000070fb00000, 0x000000070fc00000|  0%| F|  |TAMS 0x000000070fb00000, 0x000000070fb00000| Untracked 
| 228|0x000000070fc00000, 0x000000070fc00000, 0x000000070fd00000|  0%| F|  |TAMS 0x000000070fc00000, 0x000000070fc00000| Untracked 
| 229|0x000000070fd00000, 0x000000070fd00000, 0x000000070fe00000|  0%| F|  |TAMS 0x000000070fd00000, 0x000000070fd00000| Untracked 
| 230|0x000000070fe00000, 0x000000070fe00000, 0x000000070ff00000|  0%| F|  |TAMS 0x000000070fe00000, 0x000000070fe00000| Untracked 
| 231|0x000000070ff00000, 0x000000070ff00000, 0x0000000710000000|  0%| F|  |TAMS 0x000000070ff00000, 0x000000070ff00000| Untracked 
| 232|0x0000000710000000, 0x0000000710000000, 0x0000000710100000|  0%| F|  |TAMS 0x0000000710000000, 0x0000000710000000| Untracked 
| 233|0x0000000710100000, 0x0000000710100000, 0x0000000710200000|  0%| F|  |TAMS 0x0000000710100000, 0x0000000710100000| Untracked 
| 234|0x0000000710200000, 0x0000000710200000, 0x0000000710300000|  0%| F|  |TAMS 0x0000000710200000, 0x0000000710200000| Untracked 
| 235|0x0000000710300000, 0x0000000710300000, 0x0000000710400000|  0%| F|  |TAMS 0x0000000710300000, 0x0000000710300000| Untracked 
| 236|0x0000000710400000, 0x0000000710400000, 0x0000000710500000|  0%| F|  |TAMS 0x0000000710400000, 0x0000000710400000| Untracked 
| 237|0x0000000710500000, 0x0000000710500000, 0x0000000710600000|  0%| F|  |TAMS 0x0000000710500000, 0x0000000710500000| Untracked 
| 238|0x0000000710600000, 0x0000000710600000, 0x0000000710700000|  0%| F|  |TAMS 0x0000000710600000, 0x0000000710600000| Untracked 
| 239|0x0000000710700000, 0x0000000710700000, 0x0000000710800000|  0%| F|  |TAMS 0x0000000710700000, 0x0000000710700000| Untracked 
| 240|0x0000000710800000, 0x0000000710800000, 0x0000000710900000|  0%| F|  |TAMS 0x0000000710800000, 0x0000000710800000| Untracked 
| 241|0x0000000710900000, 0x0000000710900000, 0x0000000710a00000|  0%| F|  |TAMS 0x0000000710900000, 0x0000000710900000| Untracked 
| 242|0x0000000710a00000, 0x0000000710a00000, 0x0000000710b00000|  0%| F|  |TAMS 0x0000000710a00000, 0x0000000710a00000| Untracked 
| 243|0x0000000710b00000, 0x0000000710b00000, 0x0000000710c00000|  0%| F|  |TAMS 0x0000000710b00000, 0x0000000710b00000| Untracked 
| 244|0x0000000710c00000, 0x0000000710c00000, 0x0000000710d00000|  0%| F|  |TAMS 0x0000000710c00000, 0x0000000710c00000| Untracked 
| 245|0x0000000710d00000, 0x0000000710d00000, 0x0000000710e00000|  0%| F|  |TAMS 0x0000000710d00000, 0x0000000710d00000| Untracked 
| 246|0x0000000710e00000, 0x0000000710e00000, 0x0000000710f00000|  0%| F|  |TAMS 0x0000000710e00000, 0x0000000710e00000| Untracked 
| 247|0x0000000710f00000, 0x0000000711000000, 0x0000000711000000|100%| S|CS|TAMS 0x0000000710f00000, 0x0000000710f00000| Complete 
| 248|0x0000000711000000, 0x0000000711100000, 0x0000000711100000|100%| S|CS|TAMS 0x0000000711000000, 0x0000000711000000| Complete 
| 249|0x0000000711100000, 0x0000000711100000, 0x0000000711200000|  0%| F|  |TAMS 0x0000000711100000, 0x0000000711100000| Untracked 
| 250|0x0000000711200000, 0x0000000711200000, 0x0000000711300000|  0%| F|  |TAMS 0x0000000711200000, 0x0000000711200000| Untracked 
| 251|0x0000000711300000, 0x0000000711300000, 0x0000000711400000|  0%| F|  |TAMS 0x0000000711300000, 0x0000000711300000| Untracked 
| 252|0x0000000711400000, 0x0000000711400000, 0x0000000711500000|  0%| F|  |TAMS 0x0000000711400000, 0x0000000711400000| Untracked 
| 253|0x0000000711500000, 0x0000000711500000, 0x0000000711600000|  0%| F|  |TAMS 0x0000000711500000, 0x0000000711500000| Untracked 
| 254|0x0000000711600000, 0x0000000711600000, 0x0000000711700000|  0%| F|  |TAMS 0x0000000711600000, 0x0000000711600000| Untracked 
| 255|0x0000000711700000, 0x0000000711700000, 0x0000000711800000|  0%| F|  |TAMS 0x0000000711700000, 0x0000000711700000| Untracked 

Card table byte_map: [0x00000209b2330000,0x00000209b2b30000] _byte_map_base: 0x00000209aeb24000

Marking Bits (Prev, Next): (CMBitMap*) 0x000002099a6a4148, (CMBitMap*) 0x000002099a6a4188
 Prev Bits: [0x00000209b3330000, 0x00000209b72d0000)
 Next Bits: [0x00000209b72d0000, 0x00000209bb270000)

Polling page: 0x0000020999e00000

Metaspace:

Usage:
  Non-class:      5.94 MB capacity,     5.88 MB ( 99%) used,    48.48 KB ( <1%) free+waste,    16.81 KB ( <1%) overhead. 
      Class:    918.00 KB capacity,   792.78 KB ( 86%) used,   113.41 KB ( 12%) free+waste,    11.81 KB (  1%) overhead. 
       Both:      6.84 MB capacity,     6.65 MB ( 97%) used,   161.89 KB (  2%) free+waste,    28.63 KB ( <1%) overhead. 

Virtual space:
  Non-class space:       16.00 MB reserved,       6.00 MB ( 38%) committed 
      Class space:        1.00 GB reserved,       1.00 MB ( <1%) committed 
             Both:        1.02 GB reserved,       7.00 MB ( <1%) committed 

Chunk freelists:
   Non-Class:  61.00 KB
       Class:  10.00 KB
        Both:  71.00 KB

MaxMetaspaceSize: 17179869184.00 GB
CompressedClassSpaceSize: 1.00 GB

CodeHeap 'non-profiled nmethods': size=120064Kb used=208Kb max_used=208Kb free=119855Kb
 bounds [0x00000209aa5f0000, 0x00000209aa860000, 0x00000209b1b30000]
CodeHeap 'profiled nmethods': size=120000Kb used=1067Kb max_used=1067Kb free=118932Kb
 bounds [0x00000209a30c0000, 0x00000209a3330000, 0x00000209aa5f0000]
CodeHeap 'non-nmethods': size=5696Kb used=1244Kb max_used=1254Kb free=4451Kb
 bounds [0x00000209a2b30000, 0x00000209a2da0000, 0x00000209a30c0000]
 total_blobs=1587 nmethods=675 adapters=427
 compilation: enabled
              stopped_count=0, restarted_count=0
 full_count=0

Compilation events (20 events):
Event: 1.251 Thread 0x00000209be22c800  663       3       java.util.zip.ZipFile::ensureOpen (40 bytes)
Event: 1.251 Thread 0x00000209be22c800 nmethod 663 0x00000209a31c6210 code [0x00000209a31c63e0, 0x00000209a31c67a0]
Event: 1.251 Thread 0x00000209be22c800  664       3       java.util.zip.ZipFile$Source::getEntryPos (208 bytes)
Event: 1.252 Thread 0x00000209be22c800 nmethod 664 0x00000209a31c6910 code [0x00000209a31c6b80, 0x00000209a31c79b0]
Event: 1.252 Thread 0x00000209be22c800  666       1       java.awt.Component::getParent_NoClientCode (5 bytes)
Event: 1.252 Thread 0x00000209be22c800 nmethod 666 0x00000209aa623310 code [0x00000209aa6234a0, 0x00000209aa6235d8]
Event: 1.318 Thread 0x00000209be22c800  667       3       java.awt.Component::getTreeLock (4 bytes)
Event: 1.318 Thread 0x00000209be22c800 nmethod 667 0x00000209a31c8010 code [0x00000209a31c81c0, 0x00000209a31c8358]
Event: 1.319 Thread 0x00000209be22c800  668       1       java.lang.Boolean::booleanValue (5 bytes)
Event: 1.319 Thread 0x00000209be22c800 nmethod 668 0x00000209aa623690 code [0x00000209aa623820, 0x00000209aa623958]
Event: 1.319 Thread 0x00000209be22c800  669       3       jdk.internal.logger.SimpleConsoleLogger::isLoggable (29 bytes)
Event: 1.319 Thread 0x00000209be22c800 nmethod 669 0x00000209a31c8410 code [0x00000209a31c85e0, 0x00000209a31c89d0]
Event: 1.319 Thread 0x00000209be22c800  670       3       jdk.internal.logger.SimpleConsoleLogger::effectiveLevel (17 bytes)
Event: 1.321 Thread 0x00000209be22c800 nmethod 670 0x00000209a31c8b10 code [0x00000209a31c8cc0, 0x00000209a31c8f70]
Event: 1.321 Thread 0x00000209be22c800  671       3       jdk.internal.logger.SurrogateLogger::defaultPlatformLevel (4 bytes)
Event: 1.321 Thread 0x00000209be22c800 nmethod 671 0x00000209a31c9010 code [0x00000209a31c91c0, 0x00000209a31c9358]
Event: 1.321 Thread 0x00000209be22c800  673   !   3       jdk.internal.logger.LazyLoggers$LazyLoggerAccessor::platform (103 bytes)
Event: 1.323 Thread 0x00000209be22c800 nmethod 673 0x00000209a31c9410 code [0x00000209a31c9660, 0x00000209a31ca5d0]
Event: 1.352 Thread 0x00000209be22c800  675       3       java.security.AccessController::executePrivileged (65 bytes)
Event: 1.352 Thread 0x00000209be22c800 nmethod 675 0x00000209a31ca910 code [0x00000209a31caae0, 0x00000209a31cae40]

GC Heap History (2 events):
Event: 1.357 GC heap before
{Heap before GC invocations=0 (full 0):
 garbage-first heap   total 262144K, used 5120K [0x0000000701800000, 0x0000000800000000)
  region size 1024K, 7 young (7168K), 0 survivors (0K)
 Metaspace       used 6810K, capacity 7001K, committed 7168K, reserved 1062912K
  class space    used 792K, capacity 918K, committed 1024K, reserved 1048576K
}
Event: 1.364 GC heap after
{Heap after GC invocations=1 (full 0):
 garbage-first heap   total 262144K, used 2835K [0x0000000701800000, 0x0000000800000000)
  region size 1024K, 2 young (2048K), 2 survivors (2048K)
 Metaspace       used 6810K, capacity 7001K, committed 7168K, reserved 1062912K
  class space    used 792K, capacity 918K, committed 1024K, reserved 1048576K
}

Deoptimization events (8 events):
Event: 0.313 Thread 0x000002099a639000 Uncommon trap: trap_request=0xffffff45 fr.pc=0x00000209aa5f579c relative=0x00000000000001fc
Event: 0.313 Thread 0x000002099a639000 Uncommon trap: reason=unstable_if action=reinterpret pc=0x00000209aa5f579c method=java.lang.String.hashCode()I @ 42 c2
Event: 0.313 Thread 0x000002099a639000 DEOPT PACKING pc=0x00000209aa5f579c sp=0x000000e157afe2a0
Event: 0.313 Thread 0x000002099a639000 DEOPT UNPACKING pc=0x00000209a2b7912f sp=0x000000e157afe238 mode 2
Event: 0.317 Thread 0x000002099a639000 Uncommon trap: trap_request=0xffffff45 fr.pc=0x00000209aa5f1224 relative=0x0000000000000084
Event: 0.317 Thread 0x000002099a639000 Uncommon trap: reason=unstable_if action=reinterpret pc=0x00000209aa5f1224 method=java.lang.String.isLatin1()Z @ 10 c2
Event: 0.317 Thread 0x000002099a639000 DEOPT PACKING pc=0x00000209aa5f1224 sp=0x000000e157afefe0
Event: 0.317 Thread 0x000002099a639000 DEOPT UNPACKING pc=0x00000209a2b7912f sp=0x000000e157afef20 mode 2

Classes unloaded (0 events):
No events

Classes redefined (0 events):
No events

Internal exceptions (12 events):
Event: 0.554 Thread 0x000002099a639000 Exception <a 'java/lang/ClassNotFoundException'{0x0000000711597b38}: sun/awt/resources/spi/awtProvider> (0x0000000711597b38) 
thrown [t:/workspace/open/src/hotspot/share/classfile/systemDictionary.cpp, line 232]
Event: 0.635 Thread 0x000002099a639000 Exception <a 'java/io/FileNotFoundException'{0x00000007115ec9a0}> (0x00000007115ec9a0) 
thrown [t:/workspace/open/src/hotspot/share/prims/jni.cpp, line 598]
Event: 0.665 Thread 0x000002099a639000 Exception <a 'java/io/FileNotFoundException'{0x00000007114133c8}> (0x00000007114133c8) 
thrown [t:/workspace/open/src/hotspot/share/prims/jni.cpp, line 598]
Event: 0.838 Thread 0x00000209be90f800 Exception <a 'java/lang/NoSuchMethodError'{0x0000000711495148}: 'void java.lang.invoke.DirectMethodHandle$Holder.invokeSpecial(java.lang.Object, java.lang.Object)'> (0x0000000711495148) 
thrown [t:/workspace/open/src/hotspot/share/interpreter/linkResolver.cpp, line 767]
Event: 0.893 Thread 0x000002099a639000 Exception <a 'java/lang/NoSuchMethodError'{0x000000071131cbe0}: 'java.lang.Object java.lang.invoke.DirectMethodHandle$Holder.invokeStatic(java.lang.Object, int, java.lang.Object, java.lang.Object, java.lang.Object, java.lang.Object)'> (0x000000071131cbe0) 
thrown [t:/workspace/open/src/hotspot/share/interpreter/linkResolver.cpp, line 767]
Event: 0.909 Thread 0x000002099a639000 Exception <a 'java/lang/NoSuchMethodError'{0x0000000711323540}: 'java.lang.Object java.lang.invoke.DirectMethodHandle$Holder.invokeStatic(java.lang.Object, int, java.lang.Object, java.lang.Object, java.lang.Object)'> (0x0000000711323540) 
thrown [t:/workspace/open/src/hotspot/share/interpreter/linkResolver.cpp, line 767]
Event: 0.910 Thread 0x000002099a639000 Exception <a 'java/lang/NoSuchMethodError'{0x0000000711326da8}: 'java.lang.Object java.lang.invoke.DirectMethodHandle$Holder.invokeSpecial(java.lang.Object, java.lang.Object, int, java.lang.Object, java.lang.Object, java.lang.Object)'> (0x0000000711326da8) 
thrown [t:/workspace/open/src/hotspot/share/interpreter/linkResolver.cpp, line 767]
Event: 0.932 Thread 0x000002099a639000 Exception <a 'java/lang/NoSuchMethodError'{0x000000071133d0d0}: 'java.lang.Object java.lang.invoke.DirectMethodHandle$Holder.invokeStatic(java.lang.Object, int, java.lang.Object)'> (0x000000071133d0d0) 
thrown [t:/workspace/open/src/hotspot/share/interpreter/linkResolver.cpp, line 767]
Event: 1.080 Thread 0x000002099a639000 Exception <a 'java/lang/ClassNotFoundException'{0x00000007113e0908}: com/sun/swing/internal/plaf/metal/resources/spi/metalProvider> (0x00000007113e0908) 
thrown [t:/workspace/open/src/hotspot/share/classfile/systemDictionary.cpp, line 232]
Event: 1.081 Thread 0x000002099a639000 Exception <a 'java/lang/ClassNotFoundException'{0x00000007113e4c00}: com/sun/swing/internal/plaf/basic/resources/spi/basicProvider> (0x00000007113e4c00) 
thrown [t:/workspace/open/src/hotspot/share/classfile/systemDictionary.cpp, line 232]
Event: 1.201 Thread 0x000002099a639000 Exception <a 'java/lang/NoSuchMethodError'{0x00000007112922d8}: 'void java.lang.invoke.DirectMethodHandle$Holder.invokeStaticInit(java.lang.Object)'> (0x00000007112922d8) 
thrown [t:/workspace/open/src/hotspot/share/interpreter/linkResolver.cpp, line 767]
Event: 1.244 Thread 0x000002099a639000 Exception <a 'java/lang/NoSuchMethodError'{0x00000007112e9ba0}: 'java.lang.Object java.lang.invoke.Invokers$Holder.linkToTargetMethod(java.lang.Object, int, java.lang.Object)'> (0x00000007112e9ba0) 
thrown [t:/workspace/open/src/hotspot/share/interpreter/linkResolver.cpp, line 767]

Events (20 events):
Event: 1.354 loading class java/awt/GraphicsCallback done
Event: 1.354 loading class java/awt/GraphicsCallback$PaintCallback done
Event: 1.355 Executing VM operation: BulkRevokeBias
Event: 1.355 Executing VM operation: BulkRevokeBias done
Event: 1.355 Executing VM operation: RevokeBias
Event: 1.355 Executing VM operation: RevokeBias done
Event: 1.355 loading class sun/awt/image/BufferedImageGraphicsConfig
Event: 1.356 loading class sun/awt/image/BufferedImageGraphicsConfig done
Event: 1.356 loading class sun/print/PrinterGraphicsConfig
Event: 1.356 loading class sun/print/PrinterGraphicsConfig done
Event: 1.356 loading class sun/java2d/opengl/WGLGraphicsConfig
Event: 1.356 loading class sun/java2d/opengl/OGLGraphicsConfig
Event: 1.356 loading class sun/java2d/opengl/OGLGraphicsConfig done
Event: 1.356 loading class sun/java2d/opengl/WGLGraphicsConfig done
Event: 1.356 loading class sun/awt/image/BufImgVolatileSurfaceManager
Event: 1.356 loading class sun/awt/image/BufImgVolatileSurfaceManager done
Event: 1.356 Executing VM operation: RevokeBias
Event: 1.356 Executing VM operation: RevokeBias done
Event: 1.357 loading class java/awt/image/Raster
Event: 1.357 Executing VM operation: CollectForMetadataAllocation


Dynamic libraries:
0x00007ff6a3ce0000 - 0x00007ff6a3cef000 	C:\Program Files\Java\jdk-13.0.1\bin\javaw.exe
0x00007ffc68600000 - 0x00007ffc687f0000 	C:\WINDOWS\SYSTEM32\ntdll.dll
0x00007ffc67ec0000 - 0x00007ffc67f72000 	C:\WINDOWS\System32\KERNEL32.DLL
0x00007ffc66250000 - 0x00007ffc664f3000 	C:\WINDOWS\System32\KERNELBASE.dll
0x00007ffc65f80000 - 0x00007ffc6607a000 	C:\WINDOWS\System32\ucrtbase.dll
0x00007ffc3fc90000 - 0x00007ffc3fca8000 	C:\Program Files\Java\jdk-13.0.1\bin\jli.dll
0x00007ffc68020000 - 0x00007ffc680c3000 	C:\WINDOWS\System32\ADVAPI32.dll
0x00007ffc67f80000 - 0x00007ffc6801e000 	C:\WINDOWS\System32\msvcrt.dll
0x00007ffc666c0000 - 0x00007ffc66757000 	C:\WINDOWS\System32\sechost.dll
0x00007ffc669b0000 - 0x00007ffc66ad0000 	C:\WINDOWS\System32\RPCRT4.dll
0x00007ffc67640000 - 0x00007ffc677d4000 	C:\WINDOWS\System32\USER32.dll
0x00007ffc665e0000 - 0x00007ffc66601000 	C:\WINDOWS\System32\win32u.dll
0x00007ffc667c0000 - 0x00007ffc667e6000 	C:\WINDOWS\System32\GDI32.dll
0x00007ffc65de0000 - 0x00007ffc65f74000 	C:\WINDOWS\System32\gdi32full.dll
0x00007ffc66610000 - 0x00007ffc666ae000 	C:\WINDOWS\System32\msvcp_win.dll
0x00007ffc3fc70000 - 0x00007ffc3fc85000 	C:\Program Files\Java\jdk-13.0.1\bin\VCRUNTIME140.dll
0x00007ffc4dac0000 - 0x00007ffc4dd45000 	C:\WINDOWS\WinSxS\amd64_microsoft.windows.common-controls_6595b64144ccf1df_6.0.18362.720_none_e6beb5c51314836b\COMCTL32.dll
0x00007ffc5c290000 - 0x00007ffc5c29a000 	C:\WINDOWS\SYSTEM32\VERSION.dll
0x00007ffc680d0000 - 0x00007ffc68406000 	C:\WINDOWS\System32\combase.dll
0x00007ffc661d0000 - 0x00007ffc66250000 	C:\WINDOWS\System32\bcryptPrimitives.dll
0x00007ffc68410000 - 0x00007ffc6843e000 	C:\WINDOWS\System32\IMM32.DLL
0x00007ffc3fbd0000 - 0x00007ffc3fc6b000 	C:\Program Files\Java\jdk-13.0.1\bin\msvcp140.dll
0x00007ffc3f060000 - 0x00007ffc3fbc6000 	C:\Program Files\Java\jdk-13.0.1\bin\server\jvm.dll
0x00007ffc67630000 - 0x00007ffc67638000 	C:\WINDOWS\System32\PSAPI.DLL
0x00007ffc4f210000 - 0x00007ffc4f219000 	C:\WINDOWS\SYSTEM32\WSOCK32.dll
0x00007ffc67960000 - 0x00007ffc679cf000 	C:\WINDOWS\System32\WS2_32.dll
0x00007ffc5ab50000 - 0x00007ffc5ab74000 	C:\WINDOWS\SYSTEM32\WINMM.dll
0x00007ffc5ad40000 - 0x00007ffc5ad6d000 	C:\WINDOWS\SYSTEM32\WINMMBASE.dll
0x00007ffc66590000 - 0x00007ffc665da000 	C:\WINDOWS\System32\cfgmgr32.dll
0x00007ffc65500000 - 0x00007ffc65511000 	C:\WINDOWS\System32\kernel.appcore.dll
0x00007ffc3ee90000 - 0x00007ffc3eea0000 	C:\Program Files\Java\jdk-13.0.1\bin\verify.dll
0x00007ffc60e20000 - 0x00007ffc61014000 	C:\WINDOWS\SYSTEM32\DBGHELP.DLL
0x00007ffc4b9b0000 - 0x00007ffc4b9da000 	C:\WINDOWS\SYSTEM32\dbgcore.DLL
0x00007ffc3ee60000 - 0x00007ffc3ee86000 	C:\Program Files\Java\jdk-13.0.1\bin\java.dll
0x00007ffc3ee40000 - 0x00007ffc3ee57000 	C:\Program Files\Java\jdk-13.0.1\bin\zip.dll
0x00007ffc3ee30000 - 0x00007ffc3ee3a000 	C:\Program Files\Java\jdk-13.0.1\bin\jimage.dll
0x00007ffc66f40000 - 0x00007ffc67625000 	C:\WINDOWS\System32\SHELL32.dll
0x00007ffc677e0000 - 0x00007ffc67889000 	C:\WINDOWS\System32\shcore.dll
0x00007ffc65660000 - 0x00007ffc65de0000 	C:\WINDOWS\System32\windows.storage.dll
0x00007ffc654d0000 - 0x00007ffc654f3000 	C:\WINDOWS\System32\profapi.dll
0x00007ffc65520000 - 0x00007ffc6556a000 	C:\WINDOWS\System32\powrprof.dll
0x00007ffc654c0000 - 0x00007ffc654d0000 	C:\WINDOWS\System32\UMPDC.dll
0x00007ffc679f0000 - 0x00007ffc67a42000 	C:\WINDOWS\System32\shlwapi.dll
0x00007ffc65640000 - 0x00007ffc65657000 	C:\WINDOWS\System32\cryptsp.dll
0x00007ffc3d020000 - 0x00007ffc3d039000 	C:\Program Files\Java\jdk-13.0.1\bin\net.dll
0x00007ffc52870000 - 0x00007ffc52961000 	C:\WINDOWS\SYSTEM32\WINHTTP.dll
0x00007ffc64ce0000 - 0x00007ffc64d47000 	C:\WINDOWS\system32\mswsock.dll
0x00007ffc3d000000 - 0x00007ffc3d013000 	C:\Program Files\Java\jdk-13.0.1\bin\nio.dll
0x00007ffbf8300000 - 0x00007ffbf8499000 	C:\Program Files\Java\jdk-13.0.1\bin\awt.dll
0x00007ffc67890000 - 0x00007ffc67954000 	C:\WINDOWS\System32\OLEAUT32.dll
0x00007ffc5ebf0000 - 0x00007ffc5f1b0000 	C:\WINDOWS\SYSTEM32\d2d1.dll
0x00007ffc5ffd0000 - 0x00007ffc6005f000 	C:\WINDOWS\SYSTEM32\apphelp.dll
0x00007ffc60900000 - 0x00007ffc6092d000 	C:\WINDOWS\system32\DWMAPI.DLL
0x00007ffc60110000 - 0x00007ffc601a9000 	C:\WINDOWS\system32\uxtheme.dll
0x00007ffc29f30000 - 0x00007ffc2a086000 	C:\WINDOWS\system32\opengl32.dll
0x00007ffc2d650000 - 0x00007ffc2d67c000 	C:\WINDOWS\SYSTEM32\GLU32.dll
0x00007ffc640f0000 - 0x00007ffc64110000 	C:\WINDOWS\SYSTEM32\dxcore.dll
0x00007ffc66ad0000 - 0x00007ffc66c06000 	C:\WINDOWS\System32\MSCTF.dll
0x00007ffc66de0000 - 0x00007ffc66f37000 	C:\WINDOWS\System32\ole32.dll
0x00007ffbfb4d0000 - 0x00007ffbfb552000 	C:\Program Files\Java\jdk-13.0.1\bin\freetype.dll
0x00007ffbf7e10000 - 0x00007ffbf7eb6000 	C:\Program Files\Java\jdk-13.0.1\bin\fontmanager.dll
0x00007ffc68440000 - 0x00007ffc684e2000 	C:\WINDOWS\System32\clbcatq.dll
0x00007ffc5a010000 - 0x00007ffc5a1bf000 	C:\WINDOWS\SYSTEM32\WindowsCodecs.dll
0x00007ffc2a520000 - 0x00007ffc2a55a000 	C:\WINDOWS\system32\dataexchange.dll
0x00007ffc5f1b0000 - 0x00007ffc5f40b000 	C:\WINDOWS\system32\d3d11.dll
0x00007ffc5f870000 - 0x00007ffc5fa4b000 	C:\WINDOWS\system32\dcomp.dll
0x00007ffc64180000 - 0x00007ffc6426b000 	C:\WINDOWS\system32\dxgi.dll
0x00007ffc605b0000 - 0x00007ffc6080a000 	C:\WINDOWS\system32\twinapi.appcore.dll
0x00007ffc60a10000 - 0x00007ffc60a39000 	C:\WINDOWS\system32\RMCLIENT.dll

dbghelp: loaded successfully - version: 4.0.5 - missing functions: none
symbol engine: initialized successfully - sym options: 0x614 - pdb path: .;C:\Program Files\Java\jdk-13.0.1\bin;C:\WINDOWS\SYSTEM32;C:\WINDOWS\WinSxS\amd64_microsoft.windows.common-controls_6595b64144ccf1df_6.0.18362.720_none_e6beb5c51314836b;C:\Program Files\Java\jdk-13.0.1\bin\server

VM Arguments:
jvm_args: -Dfile.encoding=UTF-8 
java_command: groupe.com.aem.Centrale
java_class_path (initial): C:\Users\orsys\eclipse-workspace\GPAEMprojet\target\classes;C:\Users\orsys\.m2\repository\org\apache\commons\commons-lang3\3.10\commons-lang3-3.10.jar;C:\Users\orsys\.m2\repository\mysql\mysql-connector-java\5.1.48\mysql-connector-java-5.1.48.jar;C:\Users\orsys\.m2\repository\org\seleniumhq\selenium\selenium-java\3.141.59\selenium-java-3.141.59.jar;C:\Users\orsys\.m2\repository\org\seleniumhq\selenium\selenium-api\3.141.59\selenium-api-3.141.59.jar;C:\Users\orsys\.m2\repository\org\seleniumhq\selenium\selenium-chrome-driver\3.141.59\selenium-chrome-driver-3.141.59.jar;C:\Users\orsys\.m2\repository\org\seleniumhq\selenium\selenium-edge-driver\3.141.59\selenium-edge-driver-3.141.59.jar;C:\Users\orsys\.m2\repository\org\seleniumhq\selenium\selenium-firefox-driver\3.141.59\selenium-firefox-driver-3.141.59.jar;C:\Users\orsys\.m2\repository\org\seleniumhq\selenium\selenium-ie-driver\3.141.59\selenium-ie-driver-3.141.59.jar;C:\Users\orsys\.m2\repository\org\seleniumhq\selenium\selenium-opera-driver\3.141.59\selenium-opera-driver-3.141.59.jar;C:\Users\orsys\.m2\repository\org\seleniumhq\selenium\selenium-remote-driver\3.141.59\selenium-remote-driver-3.141.59.jar;C:\Users\orsys\.m2\repository\org\seleniumhq\selenium\selenium-safari-driver\3.141.59\selenium-safari-driver-3.141.59.jar;C:\Users\orsys\.m2\repository\org\seleniumhq\selenium\selenium-support\3.141.59\selenium-support-3.141.59.jar;C:\Users\orsys\.m2\repository\net\bytebuddy\byte-buddy\1.8.15\byte-buddy-1.8.15.jar;C:\Users\orsys\.m2\repository\org\apache\commons\commons-exec\1.3\commons-exec-1.3.jar;C:\Users\orsys\.m2\repository\com\google\guava\guava\25.0-jre\guava-25.0-jre.jar;C:\Users\orsys\.m2\repository\com\google\code\findbugs\jsr305\1.3.9\jsr305-1.3.9.jar;C:\Users\orsys\.m2\repository\org\checkerframework\checker-compat-qual\2.0.0\checker-compat-qual-2.0.0.jar;C:\Users\orsys\.m2\repository\com\google\errorprone\error_prone_annotations\2.1.3\error_prone_annotations-2.1.3.jar;C:\Use
Launcher Type: SUN_STANDARD

[Global flags]
     intx CICompilerCount                          = 3                                         {product} {ergonomic}
     uint ConcGCThreads                            = 1                                         {product} {ergonomic}
     uint G1ConcRefinementThreads                  = 4                                         {product} {ergonomic}
   size_t G1HeapRegionSize                         = 1048576                                   {product} {ergonomic}
    uintx GCDrainStackTargetSize                   = 64                                        {product} {ergonomic}
   size_t InitialHeapSize                          = 268435456                                 {product} {ergonomic}
   size_t MarkStackSize                            = 4194304                                   {product} {ergonomic}
   size_t MaxHeapSize                              = 4269801472                                {product} {ergonomic}
   size_t MaxNewSize                               = 2561671168                                {product} {ergonomic}
   size_t MinHeapDeltaBytes                        = 1048576                                   {product} {ergonomic}
   size_t MinHeapSize                              = 8388608                                   {product} {ergonomic}
    uintx NonNMethodCodeHeapSize                   = 5830732                                {pd product} {ergonomic}
    uintx NonProfiledCodeHeapSize                  = 122913754                              {pd product} {ergonomic}
    uintx ProfiledCodeHeapSize                     = 122913754                              {pd product} {ergonomic}
    uintx ReservedCodeCacheSize                    = 251658240                              {pd product} {ergonomic}
     bool SegmentedCodeCache                       = true                                      {product} {ergonomic}
   size_t SoftMaxHeapSize                          = 4269801472                             {manageable} {ergonomic}
     bool UseCompressedClassPointers               = true                                 {lp64_product} {ergonomic}
     bool UseCompressedOops                        = true                                 {lp64_product} {ergonomic}
     bool UseG1GC                                  = true                                      {product} {ergonomic}
     bool UseLargePagesIndividualAllocation        = false                                  {pd product} {ergonomic}

Logging:
Log output configuration:
 #0: stdout all=warning uptime,level,tags
 #1: stderr all=off uptime,level,tags

Environment Variables:
JAVA_HOME=C:\Program Files\Java\jdk-13.0.1
PATH=C:/Program Files/Java/jre1.8.0_241/bin/server;C:/Program Files/Java/jre1.8.0_241/bin;C:/Program Files/Java/jre1.8.0_241/lib/amd64;C:\Program Files (x86)\Common Files\Oracle\Java\javapath;C:\WINDOWS\system32;C:\WINDOWS;C:\WINDOWS\System32\Wbem;C:\WINDOWS\System32\WindowsPowerShell\v1.0\;C:\WINDOWS\System32\OpenSSH\;C:\Program Files\Java\jdk-13.0.1\bin;C:\HashiCorp\Vagrant\bin;C:\Program Files\Microsoft SQL Server\Client SDK\ODBC\130\Tools\Binn\;C:\Program Files (x86)\Microsoft SQL Server\140\Tools\Binn\;C:\Program Files\Microsoft SQL Server\140\Tools\Binn\;C:\Program Files\Microsoft SQL Server\140\DTS\Binn\;C:\Program Files (x86)\Microsoft SQL Server\140\DTS\Binn\;C:\Program Files (x86)\Microsoft SQL Server\Client SDK\ODBC\130\Tools\Binn\;C:\Program Files (x86)\Microsoft SQL Server\140\Tools\Binn\ManagementStudio\;C:\ProgramData\chocolatey\bin;C:\ProgramData\chocolatey\lib\maven\apache-maven-3.6.3\bin;C:\Program Files\TortoiseSVN\bin;C:\Program Files (x86)\Subversion\bin;C:\Program Files\Git\cmd;C:\strawberry\c\bin;C:\strawberry\perl\bin;C:\Program Files\Docker\Docker\resources\bin;C:\ProgramData\DockerDesktop\version-bin;C:\Users\orsys\Documents\apache-maven-3.6.3\bin;C:\Program Files\MySQL\MySQL Shell 8.0\bin\;C:\Users\orsys\AppData\Local\Microsoft\WindowsApps;C:\Users\orsys\AppData\Local\Programs\Microsoft VS Code\bin;C:\tools\mysql\current\bin;C:\Users\orsys\Documents\apache-maven-3.6.3\bin;;C:\Program Files\JetBrains\IntelliJ IDEA 2020.1\bin;;C:\Program Files\eclipse-jee-2019-09-R-win32-x86_64;
USERNAME=orsys
OS=Windows_NT
PROCESSOR_IDENTIFIER=Intel64 Family 6 Model 78 Stepping 3, GenuineIntel



---------------  S Y S T E M  ---------------

OS: Windows 10 , 64 bit Build 18362 (10.0.18362.329)
HyperV virtualization detected

CPU:total 4 (initial active 4) (2 cores per cpu, 2 threads per core) family 6 model 78 stepping 3, cmov, cx8, fxsr, mmx, sse, sse2, sse3, ssse3, sse4.1, sse4.2, popcnt, avx, avx2, aes, clmul, erms, 3dnowpref, lzcnt, ht, tsc, tscinvbit, bmi1, bmi2, adx, fma

Memory: 4k page, system-wide physical 16280M (2128M free)
TotalPageFile size 39244M (AvailPageFile size 1M)
current process WorkingSet (physical memory assigned to process): 60M, peak: 60M
current process commit charge ("private bytes"): 350M, peak: 351M

vm_info: Java HotSpot(TM) 64-Bit Server VM (13.0.1+9) for windows-amd64 JRE (13.0.1+9), built on Oct  6 2019 12:37:49 by "mach5one" with unknown MS VC++:1916

END.
